CRITICAL - 2023-06-14 04:40:50 --> Call to undefined method CodeIgniter\HTTP\IncomingRequest::getInt()
in APPPATH/Controllers/Controlador.php on line 18.
 1 SYSTEMPATH/CodeIgniter.php(934): App\Controllers\Controlador->espPost()
 2 SYSTEMPATH/CodeIgniter.php(499): CodeIgniter\CodeIgniter->runController()
 3 SYSTEMPATH/CodeIgniter.php(368): CodeIgniter\CodeIgniter->handleRequest()
 4 FCPATH/index.php(67): CodeIgniter\CodeIgniter->run()
CRITICAL - 2023-06-14 04:41:49 --> Call to undefined method CodeIgniter\HTTP\IncomingRequest::getInt()
in APPPATH/Controllers/Controlador.php on line 18.
 1 SYSTEMPATH/CodeIgniter.php(934): App\Controllers\Controlador->espPost()
 2 SYSTEMPATH/CodeIgniter.php(499): CodeIgniter\CodeIgniter->runController()
 3 SYSTEMPATH/CodeIgniter.php(368): CodeIgniter\CodeIgniter->handleRequest()
 4 FCPATH/index.php(67): CodeIgniter\CodeIgniter->run()
ERROR - 2023-06-14 18:00:42 --> mysqli_sql_exception: Column 'Temperatura' cannot be null in /app/myapp/system/Database/MySQLi/Connection.php:295
Stack trace:
#0 /app/myapp/system/Database/MySQLi/Connection.php(295): mysqli->query()
#1 /app/myapp/system/Database/BaseConnection.php(692): CodeIgniter\Database\MySQLi\Connection->execute()
#2 /app/myapp/system/Database/BaseConnection.php(606): CodeIgniter\Database\BaseConnection->simpleQuery()
#3 /app/myapp/system/Database/BaseBuilder.php(2309): CodeIgniter\Database\BaseConnection->query()
#4 /app/myapp/system/Model.php(330): CodeIgniter\Database\BaseBuilder->insert()
#5 /app/myapp/system/BaseModel.php(782): CodeIgniter\Model->doInsert()
#6 /app/myapp/system/Model.php(730): CodeIgniter\BaseModel->insert()
#7 /app/myapp/app/Controllers/Controlador.php(22): CodeIgniter\Model->insert()
#8 /app/myapp/system/CodeIgniter.php(934): App\Controllers\Controlador->espPost()
#9 /app/myapp/system/CodeIgniter.php(499): CodeIgniter\CodeIgniter->runController()
#10 /app/myapp/system/CodeIgniter.php(368): CodeIgniter\CodeIgniter->handleRequest()
#11 /app/myapp/public/index.php(67): CodeIgniter\CodeIgniter->run()
#12 {main}
CRITICAL - 2023-06-14 18:00:42 --> Column 'Temperatura' cannot be null
in SYSTEMPATH/Database/MySQLi/Connection.php on line 295.
 1 SYSTEMPATH/Database/MySQLi/Connection.php(295): mysqli->query()
 2 SYSTEMPATH/Database/BaseConnection.php(692): CodeIgniter\Database\MySQLi\Connection->execute()
 3 SYSTEMPATH/Database/BaseConnection.php(606): CodeIgniter\Database\BaseConnection->simpleQuery()
 4 SYSTEMPATH/Database/BaseBuilder.php(2309): CodeIgniter\Database\BaseConnection->query()
 5 SYSTEMPATH/Model.php(330): CodeIgniter\Database\BaseBuilder->insert()
 6 SYSTEMPATH/BaseModel.php(782): CodeIgniter\Model->doInsert()
 7 SYSTEMPATH/Model.php(730): CodeIgniter\BaseModel->insert()
 8 APPPATH/Controllers/Controlador.php(22): CodeIgniter\Model->insert()
 9 SYSTEMPATH/CodeIgniter.php(934): App\Controllers\Controlador->espPost()
10 SYSTEMPATH/CodeIgniter.php(499): CodeIgniter\CodeIgniter->runController()
11 SYSTEMPATH/CodeIgniter.php(368): CodeIgniter\CodeIgniter->handleRequest()
12 FCPATH/index.php(67): CodeIgniter\CodeIgniter->run()
ERROR - 2023-06-14 18:00:47 --> mysqli_sql_exception: Column 'Temperatura' cannot be null in /app/myapp/system/Database/MySQLi/Connection.php:295
Stack trace:
#0 /app/myapp/system/Database/MySQLi/Connection.php(295): mysqli->query()
#1 /app/myapp/system/Database/BaseConnection.php(692): CodeIgniter\Database\MySQLi\Connection->execute()
#2 /app/myapp/system/Database/BaseConnection.php(606): CodeIgniter\Database\BaseConnection->simpleQuery()
#3 /app/myapp/system/Database/BaseBuilder.php(2309): CodeIgniter\Database\BaseConnection->query()
#4 /app/myapp/system/Model.php(330): CodeIgniter\Database\BaseBuilder->insert()
#5 /app/myapp/system/BaseModel.php(782): CodeIgniter\Model->doInsert()
#6 /app/myapp/system/Model.php(730): CodeIgniter\BaseModel->insert()
#7 /app/myapp/app/Controllers/Controlador.php(22): CodeIgniter\Model->insert()
#8 /app/myapp/system/CodeIgniter.php(934): App\Controllers\Controlador->espPost()
#9 /app/myapp/system/CodeIgniter.php(499): CodeIgniter\CodeIgniter->runController()
#10 /app/myapp/system/CodeIgniter.php(368): CodeIgniter\CodeIgniter->handleRequest()
#11 /app/myapp/public/index.php(67): CodeIgniter\CodeIgniter->run()
#12 {main}
CRITICAL - 2023-06-14 18:00:47 --> Column 'Temperatura' cannot be null
in SYSTEMPATH/Database/MySQLi/Connection.php on line 295.
 1 SYSTEMPATH/Database/MySQLi/Connection.php(295): mysqli->query()
 2 SYSTEMPATH/Database/BaseConnection.php(692): CodeIgniter\Database\MySQLi\Connection->execute()
 3 SYSTEMPATH/Database/BaseConnection.php(606): CodeIgniter\Database\BaseConnection->simpleQuery()
 4 SYSTEMPATH/Database/BaseBuilder.php(2309): CodeIgniter\Database\BaseConnection->query()
 5 SYSTEMPATH/Model.php(330): CodeIgniter\Database\BaseBuilder->insert()
 6 SYSTEMPATH/BaseModel.php(782): CodeIgniter\Model->doInsert()
 7 SYSTEMPATH/Model.php(730): CodeIgniter\BaseModel->insert()
 8 APPPATH/Controllers/Controlador.php(22): CodeIgniter\Model->insert()
 9 SYSTEMPATH/CodeIgniter.php(934): App\Controllers\Controlador->espPost()
10 SYSTEMPATH/CodeIgniter.php(499): CodeIgniter\CodeIgniter->runController()
11 SYSTEMPATH/CodeIgniter.php(368): CodeIgniter\CodeIgniter->handleRequest()
12 FCPATH/index.php(67): CodeIgniter\CodeIgniter->run()
ERROR - 2023-06-14 18:00:52 --> mysqli_sql_exception: Column 'Temperatura' cannot be null in /app/myapp/system/Database/MySQLi/Connection.php:295
Stack trace:
#0 /app/myapp/system/Database/MySQLi/Connection.php(295): mysqli->query()
#1 /app/myapp/system/Database/BaseConnection.php(692): CodeIgniter\Database\MySQLi\Connection->execute()
#2 /app/myapp/system/Database/BaseConnection.php(606): CodeIgniter\Database\BaseConnection->simpleQuery()
#3 /app/myapp/system/Database/BaseBuilder.php(2309): CodeIgniter\Database\BaseConnection->query()
#4 /app/myapp/system/Model.php(330): CodeIgniter\Database\BaseBuilder->insert()
#5 /app/myapp/system/BaseModel.php(782): CodeIgniter\Model->doInsert()
#6 /app/myapp/system/Model.php(730): CodeIgniter\BaseModel->insert()
#7 /app/myapp/app/Controllers/Controlador.php(22): CodeIgniter\Model->insert()
#8 /app/myapp/system/CodeIgniter.php(934): App\Controllers\Controlador->espPost()
#9 /app/myapp/system/CodeIgniter.php(499): CodeIgniter\CodeIgniter->runController()
#10 /app/myapp/system/CodeIgniter.php(368): CodeIgniter\CodeIgniter->handleRequest()
#11 /app/myapp/public/index.php(67): CodeIgniter\CodeIgniter->run()
#12 {main}
CRITICAL - 2023-06-14 18:00:52 --> Column 'Temperatura' cannot be null
in SYSTEMPATH/Database/MySQLi/Connection.php on line 295.
 1 SYSTEMPATH/Database/MySQLi/Connection.php(295): mysqli->query()
 2 SYSTEMPATH/Database/BaseConnection.php(692): CodeIgniter\Database\MySQLi\Connection->execute()
 3 SYSTEMPATH/Database/BaseConnection.php(606): CodeIgniter\Database\BaseConnection->simpleQuery()
 4 SYSTEMPATH/Database/BaseBuilder.php(2309): CodeIgniter\Database\BaseConnection->query()
 5 SYSTEMPATH/Model.php(330): CodeIgniter\Database\BaseBuilder->insert()
 6 SYSTEMPATH/BaseModel.php(782): CodeIgniter\Model->doInsert()
 7 SYSTEMPATH/Model.php(730): CodeIgniter\BaseModel->insert()
 8 APPPATH/Controllers/Controlador.php(22): CodeIgniter\Model->insert()
 9 SYSTEMPATH/CodeIgniter.php(934): App\Controllers\Controlador->espPost()
10 SYSTEMPATH/CodeIgniter.php(499): CodeIgniter\CodeIgniter->runController()
11 SYSTEMPATH/CodeIgniter.php(368): CodeIgniter\CodeIgniter->handleRequest()
12 FCPATH/index.php(67): CodeIgniter\CodeIgniter->run()
ERROR - 2023-06-14 18:00:58 --> mysqli_sql_exception: Column 'Temperatura' cannot be null in /app/myapp/system/Database/MySQLi/Connection.php:295
Stack trace:
#0 /app/myapp/system/Database/MySQLi/Connection.php(295): mysqli->query()
#1 /app/myapp/system/Database/BaseConnection.php(692): CodeIgniter\Database\MySQLi\Connection->execute()
#2 /app/myapp/system/Database/BaseConnection.php(606): CodeIgniter\Database\BaseConnection->simpleQuery()
#3 /app/myapp/system/Database/BaseBuilder.php(2309): CodeIgniter\Database\BaseConnection->query()
#4 /app/myapp/system/Model.php(330): CodeIgniter\Database\BaseBuilder->insert()
#5 /app/myapp/system/BaseModel.php(782): CodeIgniter\Model->doInsert()
#6 /app/myapp/system/Model.php(730): CodeIgniter\BaseModel->insert()
#7 /app/myapp/app/Controllers/Controlador.php(22): CodeIgniter\Model->insert()
#8 /app/myapp/system/CodeIgniter.php(934): App\Controllers\Controlador->espPost()
#9 /app/myapp/system/CodeIgniter.php(499): CodeIgniter\CodeIgniter->runController()
#10 /app/myapp/system/CodeIgniter.php(368): CodeIgniter\CodeIgniter->handleRequest()
#11 /app/myapp/public/index.php(67): CodeIgniter\CodeIgniter->run()
#12 {main}
CRITICAL - 2023-06-14 18:00:58 --> Column 'Temperatura' cannot be null
in SYSTEMPATH/Database/MySQLi/Connection.php on line 295.
 1 SYSTEMPATH/Database/MySQLi/Connection.php(295): mysqli->query()
 2 SYSTEMPATH/Database/BaseConnection.php(692): CodeIgniter\Database\MySQLi\Connection->execute()
 3 SYSTEMPATH/Database/BaseConnection.php(606): CodeIgniter\Database\BaseConnection->simpleQuery()
 4 SYSTEMPATH/Database/BaseBuilder.php(2309): CodeIgniter\Database\BaseConnection->query()
 5 SYSTEMPATH/Model.php(330): CodeIgniter\Database\BaseBuilder->insert()
 6 SYSTEMPATH/BaseModel.php(782): CodeIgniter\Model->doInsert()
 7 SYSTEMPATH/Model.php(730): CodeIgniter\BaseModel->insert()
 8 APPPATH/Controllers/Controlador.php(22): CodeIgniter\Model->insert()
 9 SYSTEMPATH/CodeIgniter.php(934): App\Controllers\Controlador->espPost()
10 SYSTEMPATH/CodeIgniter.php(499): CodeIgniter\CodeIgniter->runController()
11 SYSTEMPATH/CodeIgniter.php(368): CodeIgniter\CodeIgniter->handleRequest()
12 FCPATH/index.php(67): CodeIgniter\CodeIgniter->run()
ERROR - 2023-06-14 18:01:03 --> mysqli_sql_exception: Column 'Temperatura' cannot be null in /app/myapp/system/Database/MySQLi/Connection.php:295
Stack trace:
#0 /app/myapp/system/Database/MySQLi/Connection.php(295): mysqli->query()
#1 /app/myapp/system/Database/BaseConnection.php(692): CodeIgniter\Database\MySQLi\Connection->execute()
#2 /app/myapp/system/Database/BaseConnection.php(606): CodeIgniter\Database\BaseConnection->simpleQuery()
#3 /app/myapp/system/Database/BaseBuilder.php(2309): CodeIgniter\Database\BaseConnection->query()
#4 /app/myapp/system/Model.php(330): CodeIgniter\Database\BaseBuilder->insert()
#5 /app/myapp/system/BaseModel.php(782): CodeIgniter\Model->doInsert()
#6 /app/myapp/system/Model.php(730): CodeIgniter\BaseModel->insert()
#7 /app/myapp/app/Controllers/Controlador.php(22): CodeIgniter\Model->insert()
#8 /app/myapp/system/CodeIgniter.php(934): App\Controllers\Controlador->espPost()
#9 /app/myapp/system/CodeIgniter.php(499): CodeIgniter\CodeIgniter->runController()
#10 /app/myapp/system/CodeIgniter.php(368): CodeIgniter\CodeIgniter->handleRequest()
#11 /app/myapp/public/index.php(67): CodeIgniter\CodeIgniter->run()
#12 {main}
CRITICAL - 2023-06-14 18:01:03 --> Column 'Temperatura' cannot be null
in SYSTEMPATH/Database/MySQLi/Connection.php on line 295.
 1 SYSTEMPATH/Database/MySQLi/Connection.php(295): mysqli->query()
 2 SYSTEMPATH/Database/BaseConnection.php(692): CodeIgniter\Database\MySQLi\Connection->execute()
 3 SYSTEMPATH/Database/BaseConnection.php(606): CodeIgniter\Database\BaseConnection->simpleQuery()
 4 SYSTEMPATH/Database/BaseBuilder.php(2309): CodeIgniter\Database\BaseConnection->query()
 5 SYSTEMPATH/Model.php(330): CodeIgniter\Database\BaseBuilder->insert()
 6 SYSTEMPATH/BaseModel.php(782): CodeIgniter\Model->doInsert()
 7 SYSTEMPATH/Model.php(730): CodeIgniter\BaseModel->insert()
 8 APPPATH/Controllers/Controlador.php(22): CodeIgniter\Model->insert()
 9 SYSTEMPATH/CodeIgniter.php(934): App\Controllers\Controlador->espPost()
10 SYSTEMPATH/CodeIgniter.php(499): CodeIgniter\CodeIgniter->runController()
11 SYSTEMPATH/CodeIgniter.php(368): CodeIgniter\CodeIgniter->handleRequest()
12 FCPATH/index.php(67): CodeIgniter\CodeIgniter->run()
ERROR - 2023-06-14 18:01:08 --> mysqli_sql_exception: Column 'Temperatura' cannot be null in /app/myapp/system/Database/MySQLi/Connection.php:295
Stack trace:
#0 /app/myapp/system/Database/MySQLi/Connection.php(295): mysqli->query()
#1 /app/myapp/system/Database/BaseConnection.php(692): CodeIgniter\Database\MySQLi\Connection->execute()
#2 /app/myapp/system/Database/BaseConnection.php(606): CodeIgniter\Database\BaseConnection->simpleQuery()
#3 /app/myapp/system/Database/BaseBuilder.php(2309): CodeIgniter\Database\BaseConnection->query()
#4 /app/myapp/system/Model.php(330): CodeIgniter\Database\BaseBuilder->insert()
#5 /app/myapp/system/BaseModel.php(782): CodeIgniter\Model->doInsert()
#6 /app/myapp/system/Model.php(730): CodeIgniter\BaseModel->insert()
#7 /app/myapp/app/Controllers/Controlador.php(22): CodeIgniter\Model->insert()
#8 /app/myapp/system/CodeIgniter.php(934): App\Controllers\Controlador->espPost()
#9 /app/myapp/system/CodeIgniter.php(499): CodeIgniter\CodeIgniter->runController()
#10 /app/myapp/system/CodeIgniter.php(368): CodeIgniter\CodeIgniter->handleRequest()
#11 /app/myapp/public/index.php(67): CodeIgniter\CodeIgniter->run()
#12 {main}
CRITICAL - 2023-06-14 18:01:08 --> Column 'Temperatura' cannot be null
in SYSTEMPATH/Database/MySQLi/Connection.php on line 295.
 1 SYSTEMPATH/Database/MySQLi/Connection.php(295): mysqli->query()
 2 SYSTEMPATH/Database/BaseConnection.php(692): CodeIgniter\Database\MySQLi\Connection->execute()
 3 SYSTEMPATH/Database/BaseConnection.php(606): CodeIgniter\Database\BaseConnection->simpleQuery()
 4 SYSTEMPATH/Database/BaseBuilder.php(2309): CodeIgniter\Database\BaseConnection->query()
 5 SYSTEMPATH/Model.php(330): CodeIgniter\Database\BaseBuilder->insert()
 6 SYSTEMPATH/BaseModel.php(782): CodeIgniter\Model->doInsert()
 7 SYSTEMPATH/Model.php(730): CodeIgniter\BaseModel->insert()
 8 APPPATH/Controllers/Controlador.php(22): CodeIgniter\Model->insert()
 9 SYSTEMPATH/CodeIgniter.php(934): App\Controllers\Controlador->espPost()
10 SYSTEMPATH/CodeIgniter.php(499): CodeIgniter\CodeIgniter->runController()
11 SYSTEMPATH/CodeIgniter.php(368): CodeIgniter\CodeIgniter->handleRequest()
12 FCPATH/index.php(67): CodeIgniter\CodeIgniter->run()
ERROR - 2023-06-14 18:01:14 --> mysqli_sql_exception: Column 'Temperatura' cannot be null in /app/myapp/system/Database/MySQLi/Connection.php:295
Stack trace:
#0 /app/myapp/system/Database/MySQLi/Connection.php(295): mysqli->query()
#1 /app/myapp/system/Database/BaseConnection.php(692): CodeIgniter\Database\MySQLi\Connection->execute()
#2 /app/myapp/system/Database/BaseConnection.php(606): CodeIgniter\Database\BaseConnection->simpleQuery()
#3 /app/myapp/system/Database/BaseBuilder.php(2309): CodeIgniter\Database\BaseConnection->query()
#4 /app/myapp/system/Model.php(330): CodeIgniter\Database\BaseBuilder->insert()
#5 /app/myapp/system/BaseModel.php(782): CodeIgniter\Model->doInsert()
#6 /app/myapp/system/Model.php(730): CodeIgniter\BaseModel->insert()
#7 /app/myapp/app/Controllers/Controlador.php(22): CodeIgniter\Model->insert()
#8 /app/myapp/system/CodeIgniter.php(934): App\Controllers\Controlador->espPost()
#9 /app/myapp/system/CodeIgniter.php(499): CodeIgniter\CodeIgniter->runController()
#10 /app/myapp/system/CodeIgniter.php(368): CodeIgniter\CodeIgniter->handleRequest()
#11 /app/myapp/public/index.php(67): CodeIgniter\CodeIgniter->run()
#12 {main}
CRITICAL - 2023-06-14 18:01:14 --> Column 'Temperatura' cannot be null
in SYSTEMPATH/Database/MySQLi/Connection.php on line 295.
 1 SYSTEMPATH/Database/MySQLi/Connection.php(295): mysqli->query()
 2 SYSTEMPATH/Database/BaseConnection.php(692): CodeIgniter\Database\MySQLi\Connection->execute()
 3 SYSTEMPATH/Database/BaseConnection.php(606): CodeIgniter\Database\BaseConnection->simpleQuery()
 4 SYSTEMPATH/Database/BaseBuilder.php(2309): CodeIgniter\Database\BaseConnection->query()
 5 SYSTEMPATH/Model.php(330): CodeIgniter\Database\BaseBuilder->insert()
 6 SYSTEMPATH/BaseModel.php(782): CodeIgniter\Model->doInsert()
 7 SYSTEMPATH/Model.php(730): CodeIgniter\BaseModel->insert()
 8 APPPATH/Controllers/Controlador.php(22): CodeIgniter\Model->insert()
 9 SYSTEMPATH/CodeIgniter.php(934): App\Controllers\Controlador->espPost()
10 SYSTEMPATH/CodeIgniter.php(499): CodeIgniter\CodeIgniter->runController()
11 SYSTEMPATH/CodeIgniter.php(368): CodeIgniter\CodeIgniter->handleRequest()
12 FCPATH/index.php(67): CodeIgniter\CodeIgniter->run()
ERROR - 2023-06-14 18:01:19 --> mysqli_sql_exception: Column 'Temperatura' cannot be null in /app/myapp/system/Database/MySQLi/Connection.php:295
Stack trace:
#0 /app/myapp/system/Database/MySQLi/Connection.php(295): mysqli->query()
#1 /app/myapp/system/Database/BaseConnection.php(692): CodeIgniter\Database\MySQLi\Connection->execute()
#2 /app/myapp/system/Database/BaseConnection.php(606): CodeIgniter\Database\BaseConnection->simpleQuery()
#3 /app/myapp/system/Database/BaseBuilder.php(2309): CodeIgniter\Database\BaseConnection->query()
#4 /app/myapp/system/Model.php(330): CodeIgniter\Database\BaseBuilder->insert()
#5 /app/myapp/system/BaseModel.php(782): CodeIgniter\Model->doInsert()
#6 /app/myapp/system/Model.php(730): CodeIgniter\BaseModel->insert()
#7 /app/myapp/app/Controllers/Controlador.php(22): CodeIgniter\Model->insert()
#8 /app/myapp/system/CodeIgniter.php(934): App\Controllers\Controlador->espPost()
#9 /app/myapp/system/CodeIgniter.php(499): CodeIgniter\CodeIgniter->runController()
#10 /app/myapp/system/CodeIgniter.php(368): CodeIgniter\CodeIgniter->handleRequest()
#11 /app/myapp/public/index.php(67): CodeIgniter\CodeIgniter->run()
#12 {main}
CRITICAL - 2023-06-14 18:01:19 --> Column 'Temperatura' cannot be null
in SYSTEMPATH/Database/MySQLi/Connection.php on line 295.
 1 SYSTEMPATH/Database/MySQLi/Connection.php(295): mysqli->query()
 2 SYSTEMPATH/Database/BaseConnection.php(692): CodeIgniter\Database\MySQLi\Connection->execute()
 3 SYSTEMPATH/Database/BaseConnection.php(606): CodeIgniter\Database\BaseConnection->simpleQuery()
 4 SYSTEMPATH/Database/BaseBuilder.php(2309): CodeIgniter\Database\BaseConnection->query()
 5 SYSTEMPATH/Model.php(330): CodeIgniter\Database\BaseBuilder->insert()
 6 SYSTEMPATH/BaseModel.php(782): CodeIgniter\Model->doInsert()
 7 SYSTEMPATH/Model.php(730): CodeIgniter\BaseModel->insert()
 8 APPPATH/Controllers/Controlador.php(22): CodeIgniter\Model->insert()
 9 SYSTEMPATH/CodeIgniter.php(934): App\Controllers\Controlador->espPost()
10 SYSTEMPATH/CodeIgniter.php(499): CodeIgniter\CodeIgniter->runController()
11 SYSTEMPATH/CodeIgniter.php(368): CodeIgniter\CodeIgniter->handleRequest()
12 FCPATH/index.php(67): CodeIgniter\CodeIgniter->run()
ERROR - 2023-06-14 18:01:24 --> mysqli_sql_exception: Column 'Temperatura' cannot be null in /app/myapp/system/Database/MySQLi/Connection.php:295
Stack trace:
#0 /app/myapp/system/Database/MySQLi/Connection.php(295): mysqli->query()
#1 /app/myapp/system/Database/BaseConnection.php(692): CodeIgniter\Database\MySQLi\Connection->execute()
#2 /app/myapp/system/Database/BaseConnection.php(606): CodeIgniter\Database\BaseConnection->simpleQuery()
#3 /app/myapp/system/Database/BaseBuilder.php(2309): CodeIgniter\Database\BaseConnection->query()
#4 /app/myapp/system/Model.php(330): CodeIgniter\Database\BaseBuilder->insert()
#5 /app/myapp/system/BaseModel.php(782): CodeIgniter\Model->doInsert()
#6 /app/myapp/system/Model.php(730): CodeIgniter\BaseModel->insert()
#7 /app/myapp/app/Controllers/Controlador.php(22): CodeIgniter\Model->insert()
#8 /app/myapp/system/CodeIgniter.php(934): App\Controllers\Controlador->espPost()
#9 /app/myapp/system/CodeIgniter.php(499): CodeIgniter\CodeIgniter->runController()
#10 /app/myapp/system/CodeIgniter.php(368): CodeIgniter\CodeIgniter->handleRequest()
#11 /app/myapp/public/index.php(67): CodeIgniter\CodeIgniter->run()
#12 {main}
CRITICAL - 2023-06-14 18:01:24 --> Column 'Temperatura' cannot be null
in SYSTEMPATH/Database/MySQLi/Connection.php on line 295.
 1 SYSTEMPATH/Database/MySQLi/Connection.php(295): mysqli->query()
 2 SYSTEMPATH/Database/BaseConnection.php(692): CodeIgniter\Database\MySQLi\Connection->execute()
 3 SYSTEMPATH/Database/BaseConnection.php(606): CodeIgniter\Database\BaseConnection->simpleQuery()
 4 SYSTEMPATH/Database/BaseBuilder.php(2309): CodeIgniter\Database\BaseConnection->query()
 5 SYSTEMPATH/Model.php(330): CodeIgniter\Database\BaseBuilder->insert()
 6 SYSTEMPATH/BaseModel.php(782): CodeIgniter\Model->doInsert()
 7 SYSTEMPATH/Model.php(730): CodeIgniter\BaseModel->insert()
 8 APPPATH/Controllers/Controlador.php(22): CodeIgniter\Model->insert()
 9 SYSTEMPATH/CodeIgniter.php(934): App\Controllers\Controlador->espPost()
10 SYSTEMPATH/CodeIgniter.php(499): CodeIgniter\CodeIgniter->runController()
11 SYSTEMPATH/CodeIgniter.php(368): CodeIgniter\CodeIgniter->handleRequest()
12 FCPATH/index.php(67): CodeIgniter\CodeIgniter->run()
ERROR - 2023-06-14 18:01:30 --> mysqli_sql_exception: Column 'Temperatura' cannot be null in /app/myapp/system/Database/MySQLi/Connection.php:295
Stack trace:
#0 /app/myapp/system/Database/MySQLi/Connection.php(295): mysqli->query()
#1 /app/myapp/system/Database/BaseConnection.php(692): CodeIgniter\Database\MySQLi\Connection->execute()
#2 /app/myapp/system/Database/BaseConnection.php(606): CodeIgniter\Database\BaseConnection->simpleQuery()
#3 /app/myapp/system/Database/BaseBuilder.php(2309): CodeIgniter\Database\BaseConnection->query()
#4 /app/myapp/system/Model.php(330): CodeIgniter\Database\BaseBuilder->insert()
#5 /app/myapp/system/BaseModel.php(782): CodeIgniter\Model->doInsert()
#6 /app/myapp/system/Model.php(730): CodeIgniter\BaseModel->insert()
#7 /app/myapp/app/Controllers/Controlador.php(22): CodeIgniter\Model->insert()
#8 /app/myapp/system/CodeIgniter.php(934): App\Controllers\Controlador->espPost()
#9 /app/myapp/system/CodeIgniter.php(499): CodeIgniter\CodeIgniter->runController()
#10 /app/myapp/system/CodeIgniter.php(368): CodeIgniter\CodeIgniter->handleRequest()
#11 /app/myapp/public/index.php(67): CodeIgniter\CodeIgniter->run()
#12 {main}
CRITICAL - 2023-06-14 18:01:30 --> Column 'Temperatura' cannot be null
in SYSTEMPATH/Database/MySQLi/Connection.php on line 295.
 1 SYSTEMPATH/Database/MySQLi/Connection.php(295): mysqli->query()
 2 SYSTEMPATH/Database/BaseConnection.php(692): CodeIgniter\Database\MySQLi\Connection->execute()
 3 SYSTEMPATH/Database/BaseConnection.php(606): CodeIgniter\Database\BaseConnection->simpleQuery()
 4 SYSTEMPATH/Database/BaseBuilder.php(2309): CodeIgniter\Database\BaseConnection->query()
 5 SYSTEMPATH/Model.php(330): CodeIgniter\Database\BaseBuilder->insert()
 6 SYSTEMPATH/BaseModel.php(782): CodeIgniter\Model->doInsert()
 7 SYSTEMPATH/Model.php(730): CodeIgniter\BaseModel->insert()
 8 APPPATH/Controllers/Controlador.php(22): CodeIgniter\Model->insert()
 9 SYSTEMPATH/CodeIgniter.php(934): App\Controllers\Controlador->espPost()
10 SYSTEMPATH/CodeIgniter.php(499): CodeIgniter\CodeIgniter->runController()
11 SYSTEMPATH/CodeIgniter.php(368): CodeIgniter\CodeIgniter->handleRequest()
12 FCPATH/index.php(67): CodeIgniter\CodeIgniter->run()
ERROR - 2023-06-14 18:06:02 --> mysqli_sql_exception: Column 'Temperatura' cannot be null in /app/myapp/system/Database/MySQLi/Connection.php:295
Stack trace:
#0 /app/myapp/system/Database/MySQLi/Connection.php(295): mysqli->query()
#1 /app/myapp/system/Database/BaseConnection.php(692): CodeIgniter\Database\MySQLi\Connection->execute()
#2 /app/myapp/system/Database/BaseConnection.php(606): CodeIgniter\Database\BaseConnection->simpleQuery()
#3 /app/myapp/system/Database/BaseBuilder.php(2309): CodeIgniter\Database\BaseConnection->query()
#4 /app/myapp/system/Model.php(330): CodeIgniter\Database\BaseBuilder->insert()
#5 /app/myapp/system/BaseModel.php(782): CodeIgniter\Model->doInsert()
#6 /app/myapp/system/Model.php(730): CodeIgniter\BaseModel->insert()
#7 /app/myapp/app/Controllers/Controlador.php(22): CodeIgniter\Model->insert()
#8 /app/myapp/system/CodeIgniter.php(934): App\Controllers\Controlador->espPost()
#9 /app/myapp/system/CodeIgniter.php(499): CodeIgniter\CodeIgniter->runController()
#10 /app/myapp/system/CodeIgniter.php(368): CodeIgniter\CodeIgniter->handleRequest()
#11 /app/myapp/public/index.php(67): CodeIgniter\CodeIgniter->run()
#12 {main}
CRITICAL - 2023-06-14 18:06:02 --> Column 'Temperatura' cannot be null
in SYSTEMPATH/Database/MySQLi/Connection.php on line 295.
 1 SYSTEMPATH/Database/MySQLi/Connection.php(295): mysqli->query()
 2 SYSTEMPATH/Database/BaseConnection.php(692): CodeIgniter\Database\MySQLi\Connection->execute()
 3 SYSTEMPATH/Database/BaseConnection.php(606): CodeIgniter\Database\BaseConnection->simpleQuery()
 4 SYSTEMPATH/Database/BaseBuilder.php(2309): CodeIgniter\Database\BaseConnection->query()
 5 SYSTEMPATH/Model.php(330): CodeIgniter\Database\BaseBuilder->insert()
 6 SYSTEMPATH/BaseModel.php(782): CodeIgniter\Model->doInsert()
 7 SYSTEMPATH/Model.php(730): CodeIgniter\BaseModel->insert()
 8 APPPATH/Controllers/Controlador.php(22): CodeIgniter\Model->insert()
 9 SYSTEMPATH/CodeIgniter.php(934): App\Controllers\Controlador->espPost()
10 SYSTEMPATH/CodeIgniter.php(499): CodeIgniter\CodeIgniter->runController()
11 SYSTEMPATH/CodeIgniter.php(368): CodeIgniter\CodeIgniter->handleRequest()
12 FCPATH/index.php(67): CodeIgniter\CodeIgniter->run()
ERROR - 2023-06-14 18:06:07 --> mysqli_sql_exception: Column 'Temperatura' cannot be null in /app/myapp/system/Database/MySQLi/Connection.php:295
Stack trace:
#0 /app/myapp/system/Database/MySQLi/Connection.php(295): mysqli->query()
#1 /app/myapp/system/Database/BaseConnection.php(692): CodeIgniter\Database\MySQLi\Connection->execute()
#2 /app/myapp/system/Database/BaseConnection.php(606): CodeIgniter\Database\BaseConnection->simpleQuery()
#3 /app/myapp/system/Database/BaseBuilder.php(2309): CodeIgniter\Database\BaseConnection->query()
#4 /app/myapp/system/Model.php(330): CodeIgniter\Database\BaseBuilder->insert()
#5 /app/myapp/system/BaseModel.php(782): CodeIgniter\Model->doInsert()
#6 /app/myapp/system/Model.php(730): CodeIgniter\BaseModel->insert()
#7 /app/myapp/app/Controllers/Controlador.php(22): CodeIgniter\Model->insert()
#8 /app/myapp/system/CodeIgniter.php(934): App\Controllers\Controlador->espPost()
#9 /app/myapp/system/CodeIgniter.php(499): CodeIgniter\CodeIgniter->runController()
#10 /app/myapp/system/CodeIgniter.php(368): CodeIgniter\CodeIgniter->handleRequest()
#11 /app/myapp/public/index.php(67): CodeIgniter\CodeIgniter->run()
#12 {main}
CRITICAL - 2023-06-14 18:06:07 --> Column 'Temperatura' cannot be null
in SYSTEMPATH/Database/MySQLi/Connection.php on line 295.
 1 SYSTEMPATH/Database/MySQLi/Connection.php(295): mysqli->query()
 2 SYSTEMPATH/Database/BaseConnection.php(692): CodeIgniter\Database\MySQLi\Connection->execute()
 3 SYSTEMPATH/Database/BaseConnection.php(606): CodeIgniter\Database\BaseConnection->simpleQuery()
 4 SYSTEMPATH/Database/BaseBuilder.php(2309): CodeIgniter\Database\BaseConnection->query()
 5 SYSTEMPATH/Model.php(330): CodeIgniter\Database\BaseBuilder->insert()
 6 SYSTEMPATH/BaseModel.php(782): CodeIgniter\Model->doInsert()
 7 SYSTEMPATH/Model.php(730): CodeIgniter\BaseModel->insert()
 8 APPPATH/Controllers/Controlador.php(22): CodeIgniter\Model->insert()
 9 SYSTEMPATH/CodeIgniter.php(934): App\Controllers\Controlador->espPost()
10 SYSTEMPATH/CodeIgniter.php(499): CodeIgniter\CodeIgniter->runController()
11 SYSTEMPATH/CodeIgniter.php(368): CodeIgniter\CodeIgniter->handleRequest()
12 FCPATH/index.php(67): CodeIgniter\CodeIgniter->run()
ERROR - 2023-06-14 18:06:13 --> mysqli_sql_exception: Column 'Temperatura' cannot be null in /app/myapp/system/Database/MySQLi/Connection.php:295
Stack trace:
#0 /app/myapp/system/Database/MySQLi/Connection.php(295): mysqli->query()
#1 /app/myapp/system/Database/BaseConnection.php(692): CodeIgniter\Database\MySQLi\Connection->execute()
#2 /app/myapp/system/Database/BaseConnection.php(606): CodeIgniter\Database\BaseConnection->simpleQuery()
#3 /app/myapp/system/Database/BaseBuilder.php(2309): CodeIgniter\Database\BaseConnection->query()
#4 /app/myapp/system/Model.php(330): CodeIgniter\Database\BaseBuilder->insert()
#5 /app/myapp/system/BaseModel.php(782): CodeIgniter\Model->doInsert()
#6 /app/myapp/system/Model.php(730): CodeIgniter\BaseModel->insert()
#7 /app/myapp/app/Controllers/Controlador.php(22): CodeIgniter\Model->insert()
#8 /app/myapp/system/CodeIgniter.php(934): App\Controllers\Controlador->espPost()
#9 /app/myapp/system/CodeIgniter.php(499): CodeIgniter\CodeIgniter->runController()
#10 /app/myapp/system/CodeIgniter.php(368): CodeIgniter\CodeIgniter->handleRequest()
#11 /app/myapp/public/index.php(67): CodeIgniter\CodeIgniter->run()
#12 {main}
CRITICAL - 2023-06-14 18:06:13 --> Column 'Temperatura' cannot be null
in SYSTEMPATH/Database/MySQLi/Connection.php on line 295.
 1 SYSTEMPATH/Database/MySQLi/Connection.php(295): mysqli->query()
 2 SYSTEMPATH/Database/BaseConnection.php(692): CodeIgniter\Database\MySQLi\Connection->execute()
 3 SYSTEMPATH/Database/BaseConnection.php(606): CodeIgniter\Database\BaseConnection->simpleQuery()
 4 SYSTEMPATH/Database/BaseBuilder.php(2309): CodeIgniter\Database\BaseConnection->query()
 5 SYSTEMPATH/Model.php(330): CodeIgniter\Database\BaseBuilder->insert()
 6 SYSTEMPATH/BaseModel.php(782): CodeIgniter\Model->doInsert()
 7 SYSTEMPATH/Model.php(730): CodeIgniter\BaseModel->insert()
 8 APPPATH/Controllers/Controlador.php(22): CodeIgniter\Model->insert()
 9 SYSTEMPATH/CodeIgniter.php(934): App\Controllers\Controlador->espPost()
10 SYSTEMPATH/CodeIgniter.php(499): CodeIgniter\CodeIgniter->runController()
11 SYSTEMPATH/CodeIgniter.php(368): CodeIgniter\CodeIgniter->handleRequest()
12 FCPATH/index.php(67): CodeIgniter\CodeIgniter->run()
ERROR - 2023-06-14 18:06:18 --> mysqli_sql_exception: Column 'Temperatura' cannot be null in /app/myapp/system/Database/MySQLi/Connection.php:295
Stack trace:
#0 /app/myapp/system/Database/MySQLi/Connection.php(295): mysqli->query()
#1 /app/myapp/system/Database/BaseConnection.php(692): CodeIgniter\Database\MySQLi\Connection->execute()
#2 /app/myapp/system/Database/BaseConnection.php(606): CodeIgniter\Database\BaseConnection->simpleQuery()
#3 /app/myapp/system/Database/BaseBuilder.php(2309): CodeIgniter\Database\BaseConnection->query()
#4 /app/myapp/system/Model.php(330): CodeIgniter\Database\BaseBuilder->insert()
#5 /app/myapp/system/BaseModel.php(782): CodeIgniter\Model->doInsert()
#6 /app/myapp/system/Model.php(730): CodeIgniter\BaseModel->insert()
#7 /app/myapp/app/Controllers/Controlador.php(22): CodeIgniter\Model->insert()
#8 /app/myapp/system/CodeIgniter.php(934): App\Controllers\Controlador->espPost()
#9 /app/myapp/system/CodeIgniter.php(499): CodeIgniter\CodeIgniter->runController()
#10 /app/myapp/system/CodeIgniter.php(368): CodeIgniter\CodeIgniter->handleRequest()
#11 /app/myapp/public/index.php(67): CodeIgniter\CodeIgniter->run()
#12 {main}
CRITICAL - 2023-06-14 18:06:18 --> Column 'Temperatura' cannot be null
in SYSTEMPATH/Database/MySQLi/Connection.php on line 295.
 1 SYSTEMPATH/Database/MySQLi/Connection.php(295): mysqli->query()
 2 SYSTEMPATH/Database/BaseConnection.php(692): CodeIgniter\Database\MySQLi\Connection->execute()
 3 SYSTEMPATH/Database/BaseConnection.php(606): CodeIgniter\Database\BaseConnection->simpleQuery()
 4 SYSTEMPATH/Database/BaseBuilder.php(2309): CodeIgniter\Database\BaseConnection->query()
 5 SYSTEMPATH/Model.php(330): CodeIgniter\Database\BaseBuilder->insert()
 6 SYSTEMPATH/BaseModel.php(782): CodeIgniter\Model->doInsert()
 7 SYSTEMPATH/Model.php(730): CodeIgniter\BaseModel->insert()
 8 APPPATH/Controllers/Controlador.php(22): CodeIgniter\Model->insert()
 9 SYSTEMPATH/CodeIgniter.php(934): App\Controllers\Controlador->espPost()
10 SYSTEMPATH/CodeIgniter.php(499): CodeIgniter\CodeIgniter->runController()
11 SYSTEMPATH/CodeIgniter.php(368): CodeIgniter\CodeIgniter->handleRequest()
12 FCPATH/index.php(67): CodeIgniter\CodeIgniter->run()
ERROR - 2023-06-14 18:06:24 --> mysqli_sql_exception: Column 'Temperatura' cannot be null in /app/myapp/system/Database/MySQLi/Connection.php:295
Stack trace:
#0 /app/myapp/system/Database/MySQLi/Connection.php(295): mysqli->query()
#1 /app/myapp/system/Database/BaseConnection.php(692): CodeIgniter\Database\MySQLi\Connection->execute()
#2 /app/myapp/system/Database/BaseConnection.php(606): CodeIgniter\Database\BaseConnection->simpleQuery()
#3 /app/myapp/system/Database/BaseBuilder.php(2309): CodeIgniter\Database\BaseConnection->query()
#4 /app/myapp/system/Model.php(330): CodeIgniter\Database\BaseBuilder->insert()
#5 /app/myapp/system/BaseModel.php(782): CodeIgniter\Model->doInsert()
#6 /app/myapp/system/Model.php(730): CodeIgniter\BaseModel->insert()
#7 /app/myapp/app/Controllers/Controlador.php(22): CodeIgniter\Model->insert()
#8 /app/myapp/system/CodeIgniter.php(934): App\Controllers\Controlador->espPost()
#9 /app/myapp/system/CodeIgniter.php(499): CodeIgniter\CodeIgniter->runController()
#10 /app/myapp/system/CodeIgniter.php(368): CodeIgniter\CodeIgniter->handleRequest()
#11 /app/myapp/public/index.php(67): CodeIgniter\CodeIgniter->run()
#12 {main}
CRITICAL - 2023-06-14 18:06:24 --> Column 'Temperatura' cannot be null
in SYSTEMPATH/Database/MySQLi/Connection.php on line 295.
 1 SYSTEMPATH/Database/MySQLi/Connection.php(295): mysqli->query()
 2 SYSTEMPATH/Database/BaseConnection.php(692): CodeIgniter\Database\MySQLi\Connection->execute()
 3 SYSTEMPATH/Database/BaseConnection.php(606): CodeIgniter\Database\BaseConnection->simpleQuery()
 4 SYSTEMPATH/Database/BaseBuilder.php(2309): CodeIgniter\Database\BaseConnection->query()
 5 SYSTEMPATH/Model.php(330): CodeIgniter\Database\BaseBuilder->insert()
 6 SYSTEMPATH/BaseModel.php(782): CodeIgniter\Model->doInsert()
 7 SYSTEMPATH/Model.php(730): CodeIgniter\BaseModel->insert()
 8 APPPATH/Controllers/Controlador.php(22): CodeIgniter\Model->insert()
 9 SYSTEMPATH/CodeIgniter.php(934): App\Controllers\Controlador->espPost()
10 SYSTEMPATH/CodeIgniter.php(499): CodeIgniter\CodeIgniter->runController()
11 SYSTEMPATH/CodeIgniter.php(368): CodeIgniter\CodeIgniter->handleRequest()
12 FCPATH/index.php(67): CodeIgniter\CodeIgniter->run()
ERROR - 2023-06-14 18:06:29 --> mysqli_sql_exception: Column 'Temperatura' cannot be null in /app/myapp/system/Database/MySQLi/Connection.php:295
Stack trace:
#0 /app/myapp/system/Database/MySQLi/Connection.php(295): mysqli->query()
#1 /app/myapp/system/Database/BaseConnection.php(692): CodeIgniter\Database\MySQLi\Connection->execute()
#2 /app/myapp/system/Database/BaseConnection.php(606): CodeIgniter\Database\BaseConnection->simpleQuery()
#3 /app/myapp/system/Database/BaseBuilder.php(2309): CodeIgniter\Database\BaseConnection->query()
#4 /app/myapp/system/Model.php(330): CodeIgniter\Database\BaseBuilder->insert()
#5 /app/myapp/system/BaseModel.php(782): CodeIgniter\Model->doInsert()
#6 /app/myapp/system/Model.php(730): CodeIgniter\BaseModel->insert()
#7 /app/myapp/app/Controllers/Controlador.php(22): CodeIgniter\Model->insert()
#8 /app/myapp/system/CodeIgniter.php(934): App\Controllers\Controlador->espPost()
#9 /app/myapp/system/CodeIgniter.php(499): CodeIgniter\CodeIgniter->runController()
#10 /app/myapp/system/CodeIgniter.php(368): CodeIgniter\CodeIgniter->handleRequest()
#11 /app/myapp/public/index.php(67): CodeIgniter\CodeIgniter->run()
#12 {main}
CRITICAL - 2023-06-14 18:06:29 --> Column 'Temperatura' cannot be null
in SYSTEMPATH/Database/MySQLi/Connection.php on line 295.
 1 SYSTEMPATH/Database/MySQLi/Connection.php(295): mysqli->query()
 2 SYSTEMPATH/Database/BaseConnection.php(692): CodeIgniter\Database\MySQLi\Connection->execute()
 3 SYSTEMPATH/Database/BaseConnection.php(606): CodeIgniter\Database\BaseConnection->simpleQuery()
 4 SYSTEMPATH/Database/BaseBuilder.php(2309): CodeIgniter\Database\BaseConnection->query()
 5 SYSTEMPATH/Model.php(330): CodeIgniter\Database\BaseBuilder->insert()
 6 SYSTEMPATH/BaseModel.php(782): CodeIgniter\Model->doInsert()
 7 SYSTEMPATH/Model.php(730): CodeIgniter\BaseModel->insert()
 8 APPPATH/Controllers/Controlador.php(22): CodeIgniter\Model->insert()
 9 SYSTEMPATH/CodeIgniter.php(934): App\Controllers\Controlador->espPost()
10 SYSTEMPATH/CodeIgniter.php(499): CodeIgniter\CodeIgniter->runController()
11 SYSTEMPATH/CodeIgniter.php(368): CodeIgniter\CodeIgniter->handleRequest()
12 FCPATH/index.php(67): CodeIgniter\CodeIgniter->run()
ERROR - 2023-06-14 18:06:35 --> mysqli_sql_exception: Column 'Temperatura' cannot be null in /app/myapp/system/Database/MySQLi/Connection.php:295
Stack trace:
#0 /app/myapp/system/Database/MySQLi/Connection.php(295): mysqli->query()
#1 /app/myapp/system/Database/BaseConnection.php(692): CodeIgniter\Database\MySQLi\Connection->execute()
#2 /app/myapp/system/Database/BaseConnection.php(606): CodeIgniter\Database\BaseConnection->simpleQuery()
#3 /app/myapp/system/Database/BaseBuilder.php(2309): CodeIgniter\Database\BaseConnection->query()
#4 /app/myapp/system/Model.php(330): CodeIgniter\Database\BaseBuilder->insert()
#5 /app/myapp/system/BaseModel.php(782): CodeIgniter\Model->doInsert()
#6 /app/myapp/system/Model.php(730): CodeIgniter\BaseModel->insert()
#7 /app/myapp/app/Controllers/Controlador.php(22): CodeIgniter\Model->insert()
#8 /app/myapp/system/CodeIgniter.php(934): App\Controllers\Controlador->espPost()
#9 /app/myapp/system/CodeIgniter.php(499): CodeIgniter\CodeIgniter->runController()
#10 /app/myapp/system/CodeIgniter.php(368): CodeIgniter\CodeIgniter->handleRequest()
#11 /app/myapp/public/index.php(67): CodeIgniter\CodeIgniter->run()
#12 {main}
CRITICAL - 2023-06-14 18:06:35 --> Column 'Temperatura' cannot be null
in SYSTEMPATH/Database/MySQLi/Connection.php on line 295.
 1 SYSTEMPATH/Database/MySQLi/Connection.php(295): mysqli->query()
 2 SYSTEMPATH/Database/BaseConnection.php(692): CodeIgniter\Database\MySQLi\Connection->execute()
 3 SYSTEMPATH/Database/BaseConnection.php(606): CodeIgniter\Database\BaseConnection->simpleQuery()
 4 SYSTEMPATH/Database/BaseBuilder.php(2309): CodeIgniter\Database\BaseConnection->query()
 5 SYSTEMPATH/Model.php(330): CodeIgniter\Database\BaseBuilder->insert()
 6 SYSTEMPATH/BaseModel.php(782): CodeIgniter\Model->doInsert()
 7 SYSTEMPATH/Model.php(730): CodeIgniter\BaseModel->insert()
 8 APPPATH/Controllers/Controlador.php(22): CodeIgniter\Model->insert()
 9 SYSTEMPATH/CodeIgniter.php(934): App\Controllers\Controlador->espPost()
10 SYSTEMPATH/CodeIgniter.php(499): CodeIgniter\CodeIgniter->runController()
11 SYSTEMPATH/CodeIgniter.php(368): CodeIgniter\CodeIgniter->handleRequest()
12 FCPATH/index.php(67): CodeIgniter\CodeIgniter->run()
ERROR - 2023-06-14 18:06:41 --> mysqli_sql_exception: Column 'Temperatura' cannot be null in /app/myapp/system/Database/MySQLi/Connection.php:295
Stack trace:
#0 /app/myapp/system/Database/MySQLi/Connection.php(295): mysqli->query()
#1 /app/myapp/system/Database/BaseConnection.php(692): CodeIgniter\Database\MySQLi\Connection->execute()
#2 /app/myapp/system/Database/BaseConnection.php(606): CodeIgniter\Database\BaseConnection->simpleQuery()
#3 /app/myapp/system/Database/BaseBuilder.php(2309): CodeIgniter\Database\BaseConnection->query()
#4 /app/myapp/system/Model.php(330): CodeIgniter\Database\BaseBuilder->insert()
#5 /app/myapp/system/BaseModel.php(782): CodeIgniter\Model->doInsert()
#6 /app/myapp/system/Model.php(730): CodeIgniter\BaseModel->insert()
#7 /app/myapp/app/Controllers/Controlador.php(22): CodeIgniter\Model->insert()
#8 /app/myapp/system/CodeIgniter.php(934): App\Controllers\Controlador->espPost()
#9 /app/myapp/system/CodeIgniter.php(499): CodeIgniter\CodeIgniter->runController()
#10 /app/myapp/system/CodeIgniter.php(368): CodeIgniter\CodeIgniter->handleRequest()
#11 /app/myapp/public/index.php(67): CodeIgniter\CodeIgniter->run()
#12 {main}
CRITICAL - 2023-06-14 18:06:41 --> Column 'Temperatura' cannot be null
in SYSTEMPATH/Database/MySQLi/Connection.php on line 295.
 1 SYSTEMPATH/Database/MySQLi/Connection.php(295): mysqli->query()
 2 SYSTEMPATH/Database/BaseConnection.php(692): CodeIgniter\Database\MySQLi\Connection->execute()
 3 SYSTEMPATH/Database/BaseConnection.php(606): CodeIgniter\Database\BaseConnection->simpleQuery()
 4 SYSTEMPATH/Database/BaseBuilder.php(2309): CodeIgniter\Database\BaseConnection->query()
 5 SYSTEMPATH/Model.php(330): CodeIgniter\Database\BaseBuilder->insert()
 6 SYSTEMPATH/BaseModel.php(782): CodeIgniter\Model->doInsert()
 7 SYSTEMPATH/Model.php(730): CodeIgniter\BaseModel->insert()
 8 APPPATH/Controllers/Controlador.php(22): CodeIgniter\Model->insert()
 9 SYSTEMPATH/CodeIgniter.php(934): App\Controllers\Controlador->espPost()
10 SYSTEMPATH/CodeIgniter.php(499): CodeIgniter\CodeIgniter->runController()
11 SYSTEMPATH/CodeIgniter.php(368): CodeIgniter\CodeIgniter->handleRequest()
12 FCPATH/index.php(67): CodeIgniter\CodeIgniter->run()
ERROR - 2023-06-14 18:06:46 --> mysqli_sql_exception: Column 'Temperatura' cannot be null in /app/myapp/system/Database/MySQLi/Connection.php:295
Stack trace:
#0 /app/myapp/system/Database/MySQLi/Connection.php(295): mysqli->query()
#1 /app/myapp/system/Database/BaseConnection.php(692): CodeIgniter\Database\MySQLi\Connection->execute()
#2 /app/myapp/system/Database/BaseConnection.php(606): CodeIgniter\Database\BaseConnection->simpleQuery()
#3 /app/myapp/system/Database/BaseBuilder.php(2309): CodeIgniter\Database\BaseConnection->query()
#4 /app/myapp/system/Model.php(330): CodeIgniter\Database\BaseBuilder->insert()
#5 /app/myapp/system/BaseModel.php(782): CodeIgniter\Model->doInsert()
#6 /app/myapp/system/Model.php(730): CodeIgniter\BaseModel->insert()
#7 /app/myapp/app/Controllers/Controlador.php(22): CodeIgniter\Model->insert()
#8 /app/myapp/system/CodeIgniter.php(934): App\Controllers\Controlador->espPost()
#9 /app/myapp/system/CodeIgniter.php(499): CodeIgniter\CodeIgniter->runController()
#10 /app/myapp/system/CodeIgniter.php(368): CodeIgniter\CodeIgniter->handleRequest()
#11 /app/myapp/public/index.php(67): CodeIgniter\CodeIgniter->run()
#12 {main}
CRITICAL - 2023-06-14 18:06:46 --> Column 'Temperatura' cannot be null
in SYSTEMPATH/Database/MySQLi/Connection.php on line 295.
 1 SYSTEMPATH/Database/MySQLi/Connection.php(295): mysqli->query()
 2 SYSTEMPATH/Database/BaseConnection.php(692): CodeIgniter\Database\MySQLi\Connection->execute()
 3 SYSTEMPATH/Database/BaseConnection.php(606): CodeIgniter\Database\BaseConnection->simpleQuery()
 4 SYSTEMPATH/Database/BaseBuilder.php(2309): CodeIgniter\Database\BaseConnection->query()
 5 SYSTEMPATH/Model.php(330): CodeIgniter\Database\BaseBuilder->insert()
 6 SYSTEMPATH/BaseModel.php(782): CodeIgniter\Model->doInsert()
 7 SYSTEMPATH/Model.php(730): CodeIgniter\BaseModel->insert()
 8 APPPATH/Controllers/Controlador.php(22): CodeIgniter\Model->insert()
 9 SYSTEMPATH/CodeIgniter.php(934): App\Controllers\Controlador->espPost()
10 SYSTEMPATH/CodeIgniter.php(499): CodeIgniter\CodeIgniter->runController()
11 SYSTEMPATH/CodeIgniter.php(368): CodeIgniter\CodeIgniter->handleRequest()
12 FCPATH/index.php(67): CodeIgniter\CodeIgniter->run()
ERROR - 2023-06-14 18:06:52 --> mysqli_sql_exception: Column 'Temperatura' cannot be null in /app/myapp/system/Database/MySQLi/Connection.php:295
Stack trace:
#0 /app/myapp/system/Database/MySQLi/Connection.php(295): mysqli->query()
#1 /app/myapp/system/Database/BaseConnection.php(692): CodeIgniter\Database\MySQLi\Connection->execute()
#2 /app/myapp/system/Database/BaseConnection.php(606): CodeIgniter\Database\BaseConnection->simpleQuery()
#3 /app/myapp/system/Database/BaseBuilder.php(2309): CodeIgniter\Database\BaseConnection->query()
#4 /app/myapp/system/Model.php(330): CodeIgniter\Database\BaseBuilder->insert()
#5 /app/myapp/system/BaseModel.php(782): CodeIgniter\Model->doInsert()
#6 /app/myapp/system/Model.php(730): CodeIgniter\BaseModel->insert()
#7 /app/myapp/app/Controllers/Controlador.php(22): CodeIgniter\Model->insert()
#8 /app/myapp/system/CodeIgniter.php(934): App\Controllers\Controlador->espPost()
#9 /app/myapp/system/CodeIgniter.php(499): CodeIgniter\CodeIgniter->runController()
#10 /app/myapp/system/CodeIgniter.php(368): CodeIgniter\CodeIgniter->handleRequest()
#11 /app/myapp/public/index.php(67): CodeIgniter\CodeIgniter->run()
#12 {main}
CRITICAL - 2023-06-14 18:06:52 --> Column 'Temperatura' cannot be null
in SYSTEMPATH/Database/MySQLi/Connection.php on line 295.
 1 SYSTEMPATH/Database/MySQLi/Connection.php(295): mysqli->query()
 2 SYSTEMPATH/Database/BaseConnection.php(692): CodeIgniter\Database\MySQLi\Connection->execute()
 3 SYSTEMPATH/Database/BaseConnection.php(606): CodeIgniter\Database\BaseConnection->simpleQuery()
 4 SYSTEMPATH/Database/BaseBuilder.php(2309): CodeIgniter\Database\BaseConnection->query()
 5 SYSTEMPATH/Model.php(330): CodeIgniter\Database\BaseBuilder->insert()
 6 SYSTEMPATH/BaseModel.php(782): CodeIgniter\Model->doInsert()
 7 SYSTEMPATH/Model.php(730): CodeIgniter\BaseModel->insert()
 8 APPPATH/Controllers/Controlador.php(22): CodeIgniter\Model->insert()
 9 SYSTEMPATH/CodeIgniter.php(934): App\Controllers\Controlador->espPost()
10 SYSTEMPATH/CodeIgniter.php(499): CodeIgniter\CodeIgniter->runController()
11 SYSTEMPATH/CodeIgniter.php(368): CodeIgniter\CodeIgniter->handleRequest()
12 FCPATH/index.php(67): CodeIgniter\CodeIgniter->run()
ERROR - 2023-06-14 18:07:11 --> mysqli_sql_exception: Column 'Temperatura' cannot be null in /app/myapp/system/Database/MySQLi/Connection.php:295
Stack trace:
#0 /app/myapp/system/Database/MySQLi/Connection.php(295): mysqli->query()
#1 /app/myapp/system/Database/BaseConnection.php(692): CodeIgniter\Database\MySQLi\Connection->execute()
#2 /app/myapp/system/Database/BaseConnection.php(606): CodeIgniter\Database\BaseConnection->simpleQuery()
#3 /app/myapp/system/Database/BaseBuilder.php(2309): CodeIgniter\Database\BaseConnection->query()
#4 /app/myapp/system/Model.php(330): CodeIgniter\Database\BaseBuilder->insert()
#5 /app/myapp/system/BaseModel.php(782): CodeIgniter\Model->doInsert()
#6 /app/myapp/system/Model.php(730): CodeIgniter\BaseModel->insert()
#7 /app/myapp/app/Controllers/Controlador.php(22): CodeIgniter\Model->insert()
#8 /app/myapp/system/CodeIgniter.php(934): App\Controllers\Controlador->espPost()
#9 /app/myapp/system/CodeIgniter.php(499): CodeIgniter\CodeIgniter->runController()
#10 /app/myapp/system/CodeIgniter.php(368): CodeIgniter\CodeIgniter->handleRequest()
#11 /app/myapp/public/index.php(67): CodeIgniter\CodeIgniter->run()
#12 {main}
CRITICAL - 2023-06-14 18:07:11 --> Column 'Temperatura' cannot be null
in SYSTEMPATH/Database/MySQLi/Connection.php on line 295.
 1 SYSTEMPATH/Database/MySQLi/Connection.php(295): mysqli->query()
 2 SYSTEMPATH/Database/BaseConnection.php(692): CodeIgniter\Database\MySQLi\Connection->execute()
 3 SYSTEMPATH/Database/BaseConnection.php(606): CodeIgniter\Database\BaseConnection->simpleQuery()
 4 SYSTEMPATH/Database/BaseBuilder.php(2309): CodeIgniter\Database\BaseConnection->query()
 5 SYSTEMPATH/Model.php(330): CodeIgniter\Database\BaseBuilder->insert()
 6 SYSTEMPATH/BaseModel.php(782): CodeIgniter\Model->doInsert()
 7 SYSTEMPATH/Model.php(730): CodeIgniter\BaseModel->insert()
 8 APPPATH/Controllers/Controlador.php(22): CodeIgniter\Model->insert()
 9 SYSTEMPATH/CodeIgniter.php(934): App\Controllers\Controlador->espPost()
10 SYSTEMPATH/CodeIgniter.php(499): CodeIgniter\CodeIgniter->runController()
11 SYSTEMPATH/CodeIgniter.php(368): CodeIgniter\CodeIgniter->handleRequest()
12 FCPATH/index.php(67): CodeIgniter\CodeIgniter->run()
ERROR - 2023-06-14 18:07:16 --> mysqli_sql_exception: Column 'Temperatura' cannot be null in /app/myapp/system/Database/MySQLi/Connection.php:295
Stack trace:
#0 /app/myapp/system/Database/MySQLi/Connection.php(295): mysqli->query()
#1 /app/myapp/system/Database/BaseConnection.php(692): CodeIgniter\Database\MySQLi\Connection->execute()
#2 /app/myapp/system/Database/BaseConnection.php(606): CodeIgniter\Database\BaseConnection->simpleQuery()
#3 /app/myapp/system/Database/BaseBuilder.php(2309): CodeIgniter\Database\BaseConnection->query()
#4 /app/myapp/system/Model.php(330): CodeIgniter\Database\BaseBuilder->insert()
#5 /app/myapp/system/BaseModel.php(782): CodeIgniter\Model->doInsert()
#6 /app/myapp/system/Model.php(730): CodeIgniter\BaseModel->insert()
#7 /app/myapp/app/Controllers/Controlador.php(22): CodeIgniter\Model->insert()
#8 /app/myapp/system/CodeIgniter.php(934): App\Controllers\Controlador->espPost()
#9 /app/myapp/system/CodeIgniter.php(499): CodeIgniter\CodeIgniter->runController()
#10 /app/myapp/system/CodeIgniter.php(368): CodeIgniter\CodeIgniter->handleRequest()
#11 /app/myapp/public/index.php(67): CodeIgniter\CodeIgniter->run()
#12 {main}
CRITICAL - 2023-06-14 18:07:16 --> Column 'Temperatura' cannot be null
in SYSTEMPATH/Database/MySQLi/Connection.php on line 295.
 1 SYSTEMPATH/Database/MySQLi/Connection.php(295): mysqli->query()
 2 SYSTEMPATH/Database/BaseConnection.php(692): CodeIgniter\Database\MySQLi\Connection->execute()
 3 SYSTEMPATH/Database/BaseConnection.php(606): CodeIgniter\Database\BaseConnection->simpleQuery()
 4 SYSTEMPATH/Database/BaseBuilder.php(2309): CodeIgniter\Database\BaseConnection->query()
 5 SYSTEMPATH/Model.php(330): CodeIgniter\Database\BaseBuilder->insert()
 6 SYSTEMPATH/BaseModel.php(782): CodeIgniter\Model->doInsert()
 7 SYSTEMPATH/Model.php(730): CodeIgniter\BaseModel->insert()
 8 APPPATH/Controllers/Controlador.php(22): CodeIgniter\Model->insert()
 9 SYSTEMPATH/CodeIgniter.php(934): App\Controllers\Controlador->espPost()
10 SYSTEMPATH/CodeIgniter.php(499): CodeIgniter\CodeIgniter->runController()
11 SYSTEMPATH/CodeIgniter.php(368): CodeIgniter\CodeIgniter->handleRequest()
12 FCPATH/index.php(67): CodeIgniter\CodeIgniter->run()
ERROR - 2023-06-14 18:07:21 --> mysqli_sql_exception: Column 'Temperatura' cannot be null in /app/myapp/system/Database/MySQLi/Connection.php:295
Stack trace:
#0 /app/myapp/system/Database/MySQLi/Connection.php(295): mysqli->query()
#1 /app/myapp/system/Database/BaseConnection.php(692): CodeIgniter\Database\MySQLi\Connection->execute()
#2 /app/myapp/system/Database/BaseConnection.php(606): CodeIgniter\Database\BaseConnection->simpleQuery()
#3 /app/myapp/system/Database/BaseBuilder.php(2309): CodeIgniter\Database\BaseConnection->query()
#4 /app/myapp/system/Model.php(330): CodeIgniter\Database\BaseBuilder->insert()
#5 /app/myapp/system/BaseModel.php(782): CodeIgniter\Model->doInsert()
#6 /app/myapp/system/Model.php(730): CodeIgniter\BaseModel->insert()
#7 /app/myapp/app/Controllers/Controlador.php(22): CodeIgniter\Model->insert()
#8 /app/myapp/system/CodeIgniter.php(934): App\Controllers\Controlador->espPost()
#9 /app/myapp/system/CodeIgniter.php(499): CodeIgniter\CodeIgniter->runController()
#10 /app/myapp/system/CodeIgniter.php(368): CodeIgniter\CodeIgniter->handleRequest()
#11 /app/myapp/public/index.php(67): CodeIgniter\CodeIgniter->run()
#12 {main}
CRITICAL - 2023-06-14 18:07:21 --> Column 'Temperatura' cannot be null
in SYSTEMPATH/Database/MySQLi/Connection.php on line 295.
 1 SYSTEMPATH/Database/MySQLi/Connection.php(295): mysqli->query()
 2 SYSTEMPATH/Database/BaseConnection.php(692): CodeIgniter\Database\MySQLi\Connection->execute()
 3 SYSTEMPATH/Database/BaseConnection.php(606): CodeIgniter\Database\BaseConnection->simpleQuery()
 4 SYSTEMPATH/Database/BaseBuilder.php(2309): CodeIgniter\Database\BaseConnection->query()
 5 SYSTEMPATH/Model.php(330): CodeIgniter\Database\BaseBuilder->insert()
 6 SYSTEMPATH/BaseModel.php(782): CodeIgniter\Model->doInsert()
 7 SYSTEMPATH/Model.php(730): CodeIgniter\BaseModel->insert()
 8 APPPATH/Controllers/Controlador.php(22): CodeIgniter\Model->insert()
 9 SYSTEMPATH/CodeIgniter.php(934): App\Controllers\Controlador->espPost()
10 SYSTEMPATH/CodeIgniter.php(499): CodeIgniter\CodeIgniter->runController()
11 SYSTEMPATH/CodeIgniter.php(368): CodeIgniter\CodeIgniter->handleRequest()
12 FCPATH/index.php(67): CodeIgniter\CodeIgniter->run()
ERROR - 2023-06-14 18:07:27 --> mysqli_sql_exception: Column 'Temperatura' cannot be null in /app/myapp/system/Database/MySQLi/Connection.php:295
Stack trace:
#0 /app/myapp/system/Database/MySQLi/Connection.php(295): mysqli->query()
#1 /app/myapp/system/Database/BaseConnection.php(692): CodeIgniter\Database\MySQLi\Connection->execute()
#2 /app/myapp/system/Database/BaseConnection.php(606): CodeIgniter\Database\BaseConnection->simpleQuery()
#3 /app/myapp/system/Database/BaseBuilder.php(2309): CodeIgniter\Database\BaseConnection->query()
#4 /app/myapp/system/Model.php(330): CodeIgniter\Database\BaseBuilder->insert()
#5 /app/myapp/system/BaseModel.php(782): CodeIgniter\Model->doInsert()
#6 /app/myapp/system/Model.php(730): CodeIgniter\BaseModel->insert()
#7 /app/myapp/app/Controllers/Controlador.php(22): CodeIgniter\Model->insert()
#8 /app/myapp/system/CodeIgniter.php(934): App\Controllers\Controlador->espPost()
#9 /app/myapp/system/CodeIgniter.php(499): CodeIgniter\CodeIgniter->runController()
#10 /app/myapp/system/CodeIgniter.php(368): CodeIgniter\CodeIgniter->handleRequest()
#11 /app/myapp/public/index.php(67): CodeIgniter\CodeIgniter->run()
#12 {main}
CRITICAL - 2023-06-14 18:07:27 --> Column 'Temperatura' cannot be null
in SYSTEMPATH/Database/MySQLi/Connection.php on line 295.
 1 SYSTEMPATH/Database/MySQLi/Connection.php(295): mysqli->query()
 2 SYSTEMPATH/Database/BaseConnection.php(692): CodeIgniter\Database\MySQLi\Connection->execute()
 3 SYSTEMPATH/Database/BaseConnection.php(606): CodeIgniter\Database\BaseConnection->simpleQuery()
 4 SYSTEMPATH/Database/BaseBuilder.php(2309): CodeIgniter\Database\BaseConnection->query()
 5 SYSTEMPATH/Model.php(330): CodeIgniter\Database\BaseBuilder->insert()
 6 SYSTEMPATH/BaseModel.php(782): CodeIgniter\Model->doInsert()
 7 SYSTEMPATH/Model.php(730): CodeIgniter\BaseModel->insert()
 8 APPPATH/Controllers/Controlador.php(22): CodeIgniter\Model->insert()
 9 SYSTEMPATH/CodeIgniter.php(934): App\Controllers\Controlador->espPost()
10 SYSTEMPATH/CodeIgniter.php(499): CodeIgniter\CodeIgniter->runController()
11 SYSTEMPATH/CodeIgniter.php(368): CodeIgniter\CodeIgniter->handleRequest()
12 FCPATH/index.php(67): CodeIgniter\CodeIgniter->run()
ERROR - 2023-06-14 18:07:32 --> mysqli_sql_exception: Column 'Temperatura' cannot be null in /app/myapp/system/Database/MySQLi/Connection.php:295
Stack trace:
#0 /app/myapp/system/Database/MySQLi/Connection.php(295): mysqli->query()
#1 /app/myapp/system/Database/BaseConnection.php(692): CodeIgniter\Database\MySQLi\Connection->execute()
#2 /app/myapp/system/Database/BaseConnection.php(606): CodeIgniter\Database\BaseConnection->simpleQuery()
#3 /app/myapp/system/Database/BaseBuilder.php(2309): CodeIgniter\Database\BaseConnection->query()
#4 /app/myapp/system/Model.php(330): CodeIgniter\Database\BaseBuilder->insert()
#5 /app/myapp/system/BaseModel.php(782): CodeIgniter\Model->doInsert()
#6 /app/myapp/system/Model.php(730): CodeIgniter\BaseModel->insert()
#7 /app/myapp/app/Controllers/Controlador.php(22): CodeIgniter\Model->insert()
#8 /app/myapp/system/CodeIgniter.php(934): App\Controllers\Controlador->espPost()
#9 /app/myapp/system/CodeIgniter.php(499): CodeIgniter\CodeIgniter->runController()
#10 /app/myapp/system/CodeIgniter.php(368): CodeIgniter\CodeIgniter->handleRequest()
#11 /app/myapp/public/index.php(67): CodeIgniter\CodeIgniter->run()
#12 {main}
CRITICAL - 2023-06-14 18:07:32 --> Column 'Temperatura' cannot be null
in SYSTEMPATH/Database/MySQLi/Connection.php on line 295.
 1 SYSTEMPATH/Database/MySQLi/Connection.php(295): mysqli->query()
 2 SYSTEMPATH/Database/BaseConnection.php(692): CodeIgniter\Database\MySQLi\Connection->execute()
 3 SYSTEMPATH/Database/BaseConnection.php(606): CodeIgniter\Database\BaseConnection->simpleQuery()
 4 SYSTEMPATH/Database/BaseBuilder.php(2309): CodeIgniter\Database\BaseConnection->query()
 5 SYSTEMPATH/Model.php(330): CodeIgniter\Database\BaseBuilder->insert()
 6 SYSTEMPATH/BaseModel.php(782): CodeIgniter\Model->doInsert()
 7 SYSTEMPATH/Model.php(730): CodeIgniter\BaseModel->insert()
 8 APPPATH/Controllers/Controlador.php(22): CodeIgniter\Model->insert()
 9 SYSTEMPATH/CodeIgniter.php(934): App\Controllers\Controlador->espPost()
10 SYSTEMPATH/CodeIgniter.php(499): CodeIgniter\CodeIgniter->runController()
11 SYSTEMPATH/CodeIgniter.php(368): CodeIgniter\CodeIgniter->handleRequest()
12 FCPATH/index.php(67): CodeIgniter\CodeIgniter->run()
ERROR - 2023-06-14 18:07:37 --> mysqli_sql_exception: Column 'Temperatura' cannot be null in /app/myapp/system/Database/MySQLi/Connection.php:295
Stack trace:
#0 /app/myapp/system/Database/MySQLi/Connection.php(295): mysqli->query()
#1 /app/myapp/system/Database/BaseConnection.php(692): CodeIgniter\Database\MySQLi\Connection->execute()
#2 /app/myapp/system/Database/BaseConnection.php(606): CodeIgniter\Database\BaseConnection->simpleQuery()
#3 /app/myapp/system/Database/BaseBuilder.php(2309): CodeIgniter\Database\BaseConnection->query()
#4 /app/myapp/system/Model.php(330): CodeIgniter\Database\BaseBuilder->insert()
#5 /app/myapp/system/BaseModel.php(782): CodeIgniter\Model->doInsert()
#6 /app/myapp/system/Model.php(730): CodeIgniter\BaseModel->insert()
#7 /app/myapp/app/Controllers/Controlador.php(22): CodeIgniter\Model->insert()
#8 /app/myapp/system/CodeIgniter.php(934): App\Controllers\Controlador->espPost()
#9 /app/myapp/system/CodeIgniter.php(499): CodeIgniter\CodeIgniter->runController()
#10 /app/myapp/system/CodeIgniter.php(368): CodeIgniter\CodeIgniter->handleRequest()
#11 /app/myapp/public/index.php(67): CodeIgniter\CodeIgniter->run()
#12 {main}
CRITICAL - 2023-06-14 18:07:37 --> Column 'Temperatura' cannot be null
in SYSTEMPATH/Database/MySQLi/Connection.php on line 295.
 1 SYSTEMPATH/Database/MySQLi/Connection.php(295): mysqli->query()
 2 SYSTEMPATH/Database/BaseConnection.php(692): CodeIgniter\Database\MySQLi\Connection->execute()
 3 SYSTEMPATH/Database/BaseConnection.php(606): CodeIgniter\Database\BaseConnection->simpleQuery()
 4 SYSTEMPATH/Database/BaseBuilder.php(2309): CodeIgniter\Database\BaseConnection->query()
 5 SYSTEMPATH/Model.php(330): CodeIgniter\Database\BaseBuilder->insert()
 6 SYSTEMPATH/BaseModel.php(782): CodeIgniter\Model->doInsert()
 7 SYSTEMPATH/Model.php(730): CodeIgniter\BaseModel->insert()
 8 APPPATH/Controllers/Controlador.php(22): CodeIgniter\Model->insert()
 9 SYSTEMPATH/CodeIgniter.php(934): App\Controllers\Controlador->espPost()
10 SYSTEMPATH/CodeIgniter.php(499): CodeIgniter\CodeIgniter->runController()
11 SYSTEMPATH/CodeIgniter.php(368): CodeIgniter\CodeIgniter->handleRequest()
12 FCPATH/index.php(67): CodeIgniter\CodeIgniter->run()
ERROR - 2023-06-14 18:07:42 --> mysqli_sql_exception: Column 'Temperatura' cannot be null in /app/myapp/system/Database/MySQLi/Connection.php:295
Stack trace:
#0 /app/myapp/system/Database/MySQLi/Connection.php(295): mysqli->query()
#1 /app/myapp/system/Database/BaseConnection.php(692): CodeIgniter\Database\MySQLi\Connection->execute()
#2 /app/myapp/system/Database/BaseConnection.php(606): CodeIgniter\Database\BaseConnection->simpleQuery()
#3 /app/myapp/system/Database/BaseBuilder.php(2309): CodeIgniter\Database\BaseConnection->query()
#4 /app/myapp/system/Model.php(330): CodeIgniter\Database\BaseBuilder->insert()
#5 /app/myapp/system/BaseModel.php(782): CodeIgniter\Model->doInsert()
#6 /app/myapp/system/Model.php(730): CodeIgniter\BaseModel->insert()
#7 /app/myapp/app/Controllers/Controlador.php(22): CodeIgniter\Model->insert()
#8 /app/myapp/system/CodeIgniter.php(934): App\Controllers\Controlador->espPost()
#9 /app/myapp/system/CodeIgniter.php(499): CodeIgniter\CodeIgniter->runController()
#10 /app/myapp/system/CodeIgniter.php(368): CodeIgniter\CodeIgniter->handleRequest()
#11 /app/myapp/public/index.php(67): CodeIgniter\CodeIgniter->run()
#12 {main}
CRITICAL - 2023-06-14 18:07:42 --> Column 'Temperatura' cannot be null
in SYSTEMPATH/Database/MySQLi/Connection.php on line 295.
 1 SYSTEMPATH/Database/MySQLi/Connection.php(295): mysqli->query()
 2 SYSTEMPATH/Database/BaseConnection.php(692): CodeIgniter\Database\MySQLi\Connection->execute()
 3 SYSTEMPATH/Database/BaseConnection.php(606): CodeIgniter\Database\BaseConnection->simpleQuery()
 4 SYSTEMPATH/Database/BaseBuilder.php(2309): CodeIgniter\Database\BaseConnection->query()
 5 SYSTEMPATH/Model.php(330): CodeIgniter\Database\BaseBuilder->insert()
 6 SYSTEMPATH/BaseModel.php(782): CodeIgniter\Model->doInsert()
 7 SYSTEMPATH/Model.php(730): CodeIgniter\BaseModel->insert()
 8 APPPATH/Controllers/Controlador.php(22): CodeIgniter\Model->insert()
 9 SYSTEMPATH/CodeIgniter.php(934): App\Controllers\Controlador->espPost()
10 SYSTEMPATH/CodeIgniter.php(499): CodeIgniter\CodeIgniter->runController()
11 SYSTEMPATH/CodeIgniter.php(368): CodeIgniter\CodeIgniter->handleRequest()
12 FCPATH/index.php(67): CodeIgniter\CodeIgniter->run()
ERROR - 2023-06-14 18:07:48 --> mysqli_sql_exception: Column 'Temperatura' cannot be null in /app/myapp/system/Database/MySQLi/Connection.php:295
Stack trace:
#0 /app/myapp/system/Database/MySQLi/Connection.php(295): mysqli->query()
#1 /app/myapp/system/Database/BaseConnection.php(692): CodeIgniter\Database\MySQLi\Connection->execute()
#2 /app/myapp/system/Database/BaseConnection.php(606): CodeIgniter\Database\BaseConnection->simpleQuery()
#3 /app/myapp/system/Database/BaseBuilder.php(2309): CodeIgniter\Database\BaseConnection->query()
#4 /app/myapp/system/Model.php(330): CodeIgniter\Database\BaseBuilder->insert()
#5 /app/myapp/system/BaseModel.php(782): CodeIgniter\Model->doInsert()
#6 /app/myapp/system/Model.php(730): CodeIgniter\BaseModel->insert()
#7 /app/myapp/app/Controllers/Controlador.php(22): CodeIgniter\Model->insert()
#8 /app/myapp/system/CodeIgniter.php(934): App\Controllers\Controlador->espPost()
#9 /app/myapp/system/CodeIgniter.php(499): CodeIgniter\CodeIgniter->runController()
#10 /app/myapp/system/CodeIgniter.php(368): CodeIgniter\CodeIgniter->handleRequest()
#11 /app/myapp/public/index.php(67): CodeIgniter\CodeIgniter->run()
#12 {main}
CRITICAL - 2023-06-14 18:07:48 --> Column 'Temperatura' cannot be null
in SYSTEMPATH/Database/MySQLi/Connection.php on line 295.
 1 SYSTEMPATH/Database/MySQLi/Connection.php(295): mysqli->query()
 2 SYSTEMPATH/Database/BaseConnection.php(692): CodeIgniter\Database\MySQLi\Connection->execute()
 3 SYSTEMPATH/Database/BaseConnection.php(606): CodeIgniter\Database\BaseConnection->simpleQuery()
 4 SYSTEMPATH/Database/BaseBuilder.php(2309): CodeIgniter\Database\BaseConnection->query()
 5 SYSTEMPATH/Model.php(330): CodeIgniter\Database\BaseBuilder->insert()
 6 SYSTEMPATH/BaseModel.php(782): CodeIgniter\Model->doInsert()
 7 SYSTEMPATH/Model.php(730): CodeIgniter\BaseModel->insert()
 8 APPPATH/Controllers/Controlador.php(22): CodeIgniter\Model->insert()
 9 SYSTEMPATH/CodeIgniter.php(934): App\Controllers\Controlador->espPost()
10 SYSTEMPATH/CodeIgniter.php(499): CodeIgniter\CodeIgniter->runController()
11 SYSTEMPATH/CodeIgniter.php(368): CodeIgniter\CodeIgniter->handleRequest()
12 FCPATH/index.php(67): CodeIgniter\CodeIgniter->run()
ERROR - 2023-06-14 18:07:53 --> mysqli_sql_exception: Column 'Temperatura' cannot be null in /app/myapp/system/Database/MySQLi/Connection.php:295
Stack trace:
#0 /app/myapp/system/Database/MySQLi/Connection.php(295): mysqli->query()
#1 /app/myapp/system/Database/BaseConnection.php(692): CodeIgniter\Database\MySQLi\Connection->execute()
#2 /app/myapp/system/Database/BaseConnection.php(606): CodeIgniter\Database\BaseConnection->simpleQuery()
#3 /app/myapp/system/Database/BaseBuilder.php(2309): CodeIgniter\Database\BaseConnection->query()
#4 /app/myapp/system/Model.php(330): CodeIgniter\Database\BaseBuilder->insert()
#5 /app/myapp/system/BaseModel.php(782): CodeIgniter\Model->doInsert()
#6 /app/myapp/system/Model.php(730): CodeIgniter\BaseModel->insert()
#7 /app/myapp/app/Controllers/Controlador.php(22): CodeIgniter\Model->insert()
#8 /app/myapp/system/CodeIgniter.php(934): App\Controllers\Controlador->espPost()
#9 /app/myapp/system/CodeIgniter.php(499): CodeIgniter\CodeIgniter->runController()
#10 /app/myapp/system/CodeIgniter.php(368): CodeIgniter\CodeIgniter->handleRequest()
#11 /app/myapp/public/index.php(67): CodeIgniter\CodeIgniter->run()
#12 {main}
CRITICAL - 2023-06-14 18:07:53 --> Column 'Temperatura' cannot be null
in SYSTEMPATH/Database/MySQLi/Connection.php on line 295.
 1 SYSTEMPATH/Database/MySQLi/Connection.php(295): mysqli->query()
 2 SYSTEMPATH/Database/BaseConnection.php(692): CodeIgniter\Database\MySQLi\Connection->execute()
 3 SYSTEMPATH/Database/BaseConnection.php(606): CodeIgniter\Database\BaseConnection->simpleQuery()
 4 SYSTEMPATH/Database/BaseBuilder.php(2309): CodeIgniter\Database\BaseConnection->query()
 5 SYSTEMPATH/Model.php(330): CodeIgniter\Database\BaseBuilder->insert()
 6 SYSTEMPATH/BaseModel.php(782): CodeIgniter\Model->doInsert()
 7 SYSTEMPATH/Model.php(730): CodeIgniter\BaseModel->insert()
 8 APPPATH/Controllers/Controlador.php(22): CodeIgniter\Model->insert()
 9 SYSTEMPATH/CodeIgniter.php(934): App\Controllers\Controlador->espPost()
10 SYSTEMPATH/CodeIgniter.php(499): CodeIgniter\CodeIgniter->runController()
11 SYSTEMPATH/CodeIgniter.php(368): CodeIgniter\CodeIgniter->handleRequest()
12 FCPATH/index.php(67): CodeIgniter\CodeIgniter->run()
